Traceback (most recent call last):
  File "train.py", line 243, in <module>
    amp=args.amp
  File "train.py", line 76, in train_model
    lr=learning_rate, weight_decay=weight_decay, momentum=momentum, foreach=True)
TypeError: __init__() got an unexpected keyword argument 'foreach'
During handling of the above exception, another exception occurred:
Traceback (most recent call last):
  File "train.py", line 245, in <module>
    except torch.cuda.OutOfMemoryError:
AttributeError: module 'torch.cuda' has no attribute 'OutOfMemoryError'